<?xml version="1.0" encoding="UTF-8"?>
<!-- Generated by org.testng.reporters.JUnitReportReporter -->
<testsuite hostname="DESKTOP-F9DDDLS" failures="0" tests="1" name="scripts.TC1" time="10.950" errors="0" timestamp="2024-07-07T22:08:03 CDT" skipped="0">
  <testcase classname="scripts.TC1" name="test1" time="10.950"/>
</testsuite> <!-- scripts.TC1 -->
