<?xml version="1.0" encoding="UTF-8"?>
<!-- Generated by org.testng.reporters.JUnitReportReporter -->
<testsuite hostname="DESKTOP-F9DDDLS" failures="0" tests="1" name="scripts.ValidLogin" time="18.929" errors="0" timestamp="2024-07-09T21:14:51 CDT" skipped="0">
  <testcase classname="scripts.ValidLogin" name="testValidLogin" time="18.929">
    <system-out>
      <![CDATA[Homepage is displayed]]>
    </system-out>
  </testcase> <!-- testValidLogin -->
  <system-out>
    <![CDATA[Homepage is displayed]]>
  </system-out>
</testsuite> <!-- scripts.ValidLogin -->
